[2014-05-18 11:36:42] START
[2014-05-18 11:39:25] CREATE hello.py: 0
[2014-05-18 11:40:38] CREATE hello/index.html: 0
[2014-05-18 11:42:29] EDIT Schedule/views/hello/index.html: -1
[2014-05-18 11:42:46] EDIT Schedule/views/hello/index.html: -1
[2014-05-18 11:43:03] EDIT Schedule/views/hello/index.html: 1
[2014-05-18 12:59:58] EDIT Schedule/models/db.py: 0
[2014-05-18 13:02:30] EDIT Schedule/models/db.py: 0
[2014-05-18 13:12:37] EDIT Schedule/models/db.py: 1
[2014-05-18 13:13:00] EDIT Schedule/models/db.py: 1
[2014-05-18 13:34:38] EDIT Schedule/models/db.py: 0
[2014-05-18 13:36:26] EDIT Schedule/models/db.py: 0
[2014-05-18 13:36:34] EDIT Schedule/models/db.py: 0
[2014-05-18 13:36:38] EDIT Schedule/models/db.py: 0
[2014-05-18 13:36:58] EDIT Schedule/models/db.py: 0
[2014-05-18 13:37:17] EDIT Schedule/models/db.py: 0
[2014-05-18 13:37:28] EDIT Schedule/models/db.py: 0
[2014-05-18 13:37:37] EDIT Schedule/models/db.py: 0
[2014-05-18 13:37:43] EDIT Schedule/models/db.py: 0
[2014-05-18 13:41:04] EDIT Schedule/models/db.py: 0
[2014-05-18 13:43:11] EDIT Schedule/models/db.py: 0
[2014-05-18 17:54:27] EDIT schedule/models/db.py: 0
[2014-05-18 17:54:47] EDIT schedule/models/db.py: 0
[2014-05-18 17:54:49] EDIT schedule/models/db.py: 0
[2014-05-18 17:54:50] EDIT schedule/models/db.py: 0
[2014-05-18 17:54:52] EDIT schedule/models/db.py: 0
[2014-05-18 17:54:53] EDIT schedule/models/db.py: 0
[2014-05-18 17:54:57] EDIT schedule/models/db.py: 0
[2014-05-18 17:55:06] EDIT schedule/models/db.py: -1
[2014-05-18 18:32:02] EDIT schedule/controllers/hello.py: 0
[2014-05-18 18:32:06] EDIT schedule/controllers/hello.py: 0
[2014-05-18 18:32:54] EDIT schedule/controllers/hello.py: 0
[2014-05-18 18:33:21] EDIT schedule/controllers/hello.py: 0
[2014-05-18 18:33:25] EDIT schedule/controllers/hello.py: 0
[2014-05-18 18:33:32] EDIT schedule/controllers/hello.py: 0
[2014-05-18 18:33:38] EDIT schedule/controllers/hello.py: 0
[2014-05-18 18:33:45] EDIT schedule/controllers/hello.py: 0
[2014-05-18 18:33:50] EDIT schedule/controllers/hello.py: 0
[2014-05-24 19:49:44] EDIT Schedule/controllers/login.py: 0
[2014-05-24 19:51:51] EDIT Schedule/controllers/login.py: 0
[2014-05-24 19:52:31] EDIT Schedule/controllers/login.py: 0
[2014-05-24 20:02:24] EDIT Schedule/views/login/index.html: 0
[2014-05-24 20:02:52] EDIT Schedule/views/login/index.html: 0
[2014-06-16 13:04:42] EDIT Schedule/views/default/index.html: 0
[2014-06-16 13:05:38] EDIT Schedule/controllers/default.py: 0
[2014-06-16 13:08:06] EDIT Schedule/controllers/default.py: 1
[2014-06-16 13:08:32] EDIT Schedule/controllers/default.py: 1
[2014-06-16 13:08:55] EDIT Schedule/views/default/index.html: -1
[2014-06-16 13:10:33] EDIT Schedule/views/default/index.html: 3
[2014-06-16 13:10:58] EDIT Schedule/controllers/default.py: 0
[2014-06-16 13:11:18] EDIT Schedule/views/default/index.html: -2
[2014-06-16 13:12:05] EDIT Schedule/controllers/default.py: -1
[2014-06-16 13:12:23] EDIT Schedule/controllers/default.py: 0
[2014-06-16 13:12:41] EDIT Schedule/controllers/default.py: 0
[2014-06-16 13:14:18] EDIT Schedule/views/layout.html: 0
[2014-06-16 13:15:07] EDIT Schedule/views/layout.html: 0
[2014-06-16 13:15:25] EDIT Schedule/views/layout.html: 0
[2014-06-16 13:18:18] EDIT Schedule/views/layout.html: 0
[2014-06-16 13:20:43] EDIT Schedule/models/db.py: 1
[2014-06-16 13:21:47] EDIT Schedule/models/db.py: 0
[2014-06-16 13:23:13] CREATE default/mainpage.html: 0
[2014-06-16 13:24:31] EDIT Schedule/models/db.py: 0
[2014-06-16 13:24:35] EDIT Schedule/controllers/default.py: 0
[2014-06-16 13:24:44] EDIT Schedule/models/db.py: 0
[2014-06-16 13:24:51] EDIT Schedule/controllers/default.py: 0
[2014-06-16 13:24:57] EDIT Schedule/controllers/default.py: 0
[2014-06-16 13:26:00] EDIT Schedule/views/default/mainpage.html: 0
[2014-06-16 13:26:19] EDIT Schedule/models/db.py: 0
[2014-06-16 13:28:59] EDIT Schedule/controllers/default.py: 2
[2014-06-16 13:29:25] EDIT Schedule/controllers/default.py: 0
[2014-06-16 13:29:27] EDIT Schedule/controllers/default.py: 0
[2014-06-16 13:29:31] EDIT Schedule/controllers/default.py: 0
[2014-06-16 13:29:38] EDIT Schedule/controllers/default.py: 0
[2014-06-16 13:30:11] EDIT Schedule/views/default/mainpage.html: 0
[2014-06-16 13:30:31] EDIT Schedule/views/default/mainpage.html: 0
[2014-06-16 13:30:51] EDIT Schedule/views/default/mainpage.html: 2
[2014-06-16 13:30:59] EDIT Schedule/views/default/mainpage.html: -1
[2014-06-16 13:31:10] EDIT Schedule/views/default/mainpage.html: 0
[2014-06-16 13:33:37] EDIT Schedule/views/default/mainpage.html: -1
[2014-06-16 13:39:49] EDIT Schedule/controllers/hello.py: 0
[2014-06-16 13:44:49] EDIT Schedule/controllers/hello.py: 0
[2014-06-16 13:44:58] EDIT Schedule/controllers/hello.py: 0
[2014-06-16 13:45:06] EDIT Schedule/controllers/hello.py: 0
[2014-06-16 13:45:46] EDIT Schedule/controllers/hello.py: 0
[2014-06-16 13:45:53] EDIT Schedule/controllers/hello.py: 0
[2014-06-16 13:46:05] EDIT Schedule/controllers/hello.py: 0
[2014-06-16 13:46:24] EDIT Schedule/controllers/hello.py: 0
[2014-06-16 13:46:47] EDIT Schedule/controllers/hello.py: 0
[2014-06-16 13:47:30] EDIT Schedule/controllers/default.py: 1
[2014-06-16 13:47:51] EDIT Schedule/views/default/mainpage.html: -1
[2014-06-16 13:48:22] EDIT Schedule/controllers/default.py: 0
[2014-06-16 13:48:40] EDIT Schedule/views/default/mainpage.html: 1
[2014-06-16 13:49:15] EDIT Schedule/controllers/default.py: 0
[2014-06-16 13:49:34] EDIT Schedule/views/default/mainpage.html: -1
[2014-06-16 13:50:01] EDIT Schedule/controllers/default.py: 0
[2014-06-16 13:50:21] EDIT Schedule/views/default/mainpage.html: 0
[2014-06-16 13:50:44] EDIT Schedule/views/default/mainpage.html: 1
[2014-06-16 13:50:54] EDIT Schedule/views/default/mainpage.html: 0
[2014-06-16 13:51:10] EDIT Schedule/controllers/default.py: 0
[2014-06-16 14:10:03] EDIT Schedule/controllers/default.py: 1
[2014-06-16 14:11:19] EDIT Schedule/controllers/default.py: 0
[2014-06-16 14:11:40] EDIT Schedule/controllers/default.py: 0
[2014-06-16 14:11:53] EDIT Schedule/controllers/default.py: 0
[2014-06-16 14:12:17] EDIT Schedule/controllers/default.py: 0
[2014-06-16 14:12:48] EDIT Schedule/controllers/default.py: 0
[2014-06-16 14:13:21] EDIT Schedule/controllers/default.py: 0
[2014-06-16 14:13:32] EDIT Schedule/views/default/mainpage.html: 1
[2014-06-16 14:14:07] EDIT Schedule/controllers/default.py: 0
[2014-06-16 14:14:21] EDIT Schedule/controllers/default.py: 0
[2014-06-16 14:14:40] EDIT Schedule/controllers/default.py: 0
[2014-06-16 14:15:08] EDIT Schedule/controllers/default.py: 0
[2014-06-16 14:15:25] EDIT Schedule/controllers/default.py: 0
[2014-06-16 14:15:48] EDIT Schedule/controllers/default.py: 0
[2014-06-16 14:17:07] EDIT Schedule/controllers/default.py: 0
[2014-06-16 14:17:25] EDIT Schedule/controllers/default.py: 1
[2014-06-16 14:17:45] EDIT Schedule/controllers/default.py: 0
[2014-06-16 14:17:56] EDIT Schedule/controllers/default.py: 0
[2014-06-16 14:18:55] EDIT Schedule/controllers/default.py: 1
[2014-06-16 14:19:06] EDIT Schedule/views/default/mainpage.html: 1
[2014-06-16 14:19:51] EDIT Schedule/controllers/default.py: 0
[2014-06-16 14:19:57] EDIT Schedule/controllers/default.py: 0
[2014-06-16 14:20:25] EDIT Schedule/controllers/default.py: 0
[2014-06-16 14:20:48] EDIT Schedule/controllers/default.py: 0
[2014-06-16 14:21:21] EDIT Schedule/controllers/default.py: 0
[2014-06-16 14:22:36] EDIT Schedule/controllers/default.py: 2
[2014-06-16 14:22:46] EDIT Schedule/controllers/default.py: 0
[2014-06-16 14:22:53] EDIT Schedule/controllers/default.py: 0
[2014-06-16 14:23:01] EDIT Schedule/controllers/default.py: 0
[2014-06-16 14:26:10] EDIT Schedule/controllers/default.py: 0
[2014-06-16 14:26:17] EDIT Schedule/controllers/default.py: 0
[2014-06-16 14:27:55] EDIT Schedule/controllers/default.py: 1
[2014-06-16 14:30:25] EDIT Schedule/controllers/default.py: 0
[2014-06-16 14:33:51] EDIT Schedule/controllers/default.py: 2
[2014-06-16 14:34:14] EDIT Schedule/controllers/default.py: 1
[2014-06-16 14:35:00] EDIT Schedule/controllers/default.py: -1
[2014-06-16 14:35:26] EDIT Schedule/controllers/default.py: 1
[2014-06-16 14:35:57] EDIT Schedule/controllers/default.py: -1
[2014-06-16 14:44:55] EDIT Schedule/controllers/default.py: 2
[2014-06-16 14:52:00] EDIT Schedule/controllers/default.py: 0
[2014-06-16 14:52:26] EDIT Schedule/controllers/default.py: 0
[2014-06-16 14:52:40] EDIT Schedule/controllers/default.py: 0
[2014-06-16 14:53:31] EDIT Schedule/controllers/default.py: 0
[2014-06-16 14:54:09] EDIT Schedule/views/default/mainpage.html: 2
[2014-06-16 14:54:52] EDIT Schedule/controllers/default.py: -3
[2014-06-16 14:59:16] EDIT Schedule/controllers/default.py: 0
[2014-06-16 14:59:32] EDIT Schedule/controllers/default.py: 0
[2014-06-16 15:18:35] EDIT Schedule/controllers/default.py: 0
[2014-06-16 15:20:52] EDIT Schedule/controllers/default.py: 0
[2014-06-16 15:21:00] EDIT Schedule/controllers/default.py: 0
[2014-06-16 15:24:58] EDIT Schedule/controllers/default.py: 0
[2014-06-16 15:25:18] EDIT Schedule/controllers/default.py: 0
[2014-06-16 15:25:34] EDIT Schedule/controllers/default.py: 0
[2014-06-16 15:25:47] EDIT Schedule/controllers/default.py: 0
[2014-06-16 15:26:11] EDIT Schedule/controllers/default.py: 0
[2014-06-16 15:26:32] EDIT Schedule/controllers/default.py: 0
[2014-06-16 15:26:55] EDIT Schedule/controllers/default.py: 0
[2014-06-16 15:30:11] EDIT Schedule/controllers/default.py: 0
[2014-06-16 15:30:50] EDIT Schedule/controllers/default.py: 0
[2014-06-16 15:31:04] EDIT Schedule/controllers/default.py: 0
[2014-06-16 15:31:19] EDIT Schedule/controllers/default.py: 0
[2014-06-16 15:31:34] EDIT Schedule/controllers/default.py: 0
[2014-06-16 15:31:57] EDIT Schedule/controllers/default.py: 0
[2014-06-16 15:32:07] EDIT Schedule/controllers/default.py: 0
[2014-06-16 15:32:23] EDIT Schedule/controllers/default.py: 0
[2014-06-16 15:32:31] EDIT Schedule/controllers/default.py: 0
[2014-06-16 15:39:10] EDIT Schedule/controllers/default.py: 0
[2014-06-16 15:39:28] EDIT Schedule/controllers/default.py: 0
[2014-06-16 15:39:44] EDIT Schedule/controllers/default.py: 0
[2014-06-16 15:40:03] EDIT Schedule/controllers/default.py: 0
[2014-06-16 15:42:23] EDIT Schedule/controllers/default.py: 0
[2014-06-16 15:44:30] EDIT Schedule/views/default/mainpage.html: -2
[2014-06-16 15:44:58] EDIT Schedule/views/default/mainpage.html: 0
[2014-06-16 15:45:40] EDIT Schedule/views/default/mainpage.html: 2
[2014-06-16 15:47:00] EDIT Schedule/views/default/mainpage.html: 3
[2014-06-16 15:47:20] EDIT Schedule/views/default/mainpage.html: 0
[2014-06-16 15:47:53] EDIT Schedule/views/default/mainpage.html: -1
[2014-06-16 15:48:03] EDIT Schedule/views/default/mainpage.html: 0
[2014-06-16 15:48:27] EDIT Schedule/views/default/mainpage.html: 0
[2014-06-16 17:04:48] EDIT Schedule/views/default/mainpage.html: 0
[2014-06-16 17:13:47] EDIT Schedule/views/default/mainpage.html: 6
[2014-06-16 17:14:46] CREATE default/create_table.html: 0
[2014-06-16 17:15:13] EDIT Schedule/views/default/mainpage.html: 0
[2014-06-16 17:15:52] EDIT Schedule/views/default/create_table.html: 4
[2014-06-16 17:16:35] EDIT Schedule/controllers/default.py: 2
[2014-06-16 17:16:40] EDIT Schedule/controllers/default.py: 0
[2014-06-16 17:17:34] EDIT Schedule/views/default/mainpage.html: 0
[2014-06-16 17:18:33] EDIT Schedule/controllers/default.py: 1
[2014-06-16 17:19:36] EDIT Schedule/views/default/create_table.html: 0
[2014-06-16 17:20:10] EDIT Schedule/views/default/create_table.html: 1
[2014-06-16 17:20:35] EDIT Schedule/views/default/create_table.html: 0
[2014-06-16 17:21:01] EDIT Schedule/controllers/default.py: 0
[2014-06-16 17:21:25] EDIT Schedule/controllers/default.py: 0
[2014-06-16 17:22:27] EDIT Schedule/controllers/default.py: 0
[2014-06-16 17:22:56] EDIT Schedule/controllers/default.py: 1
[2014-06-16 17:23:18] EDIT Schedule/views/default/create_table.html: 1
